

*******************************************************************************
Tue Nov 18 20:55:43 2014


FIT:    data read from "MergeSort.dat" using 1:2
        format = x:z
        #datapoints = 10
        residuals are weighted equally (unit weight)

function used for fitting: y(x)
fitted parameters initialized with current variable values



 Iteration 0
 WSSR        : 4.29717e+08       delta(WSSR)/WSSR   : 0
 delta(WSSR) : 0                 limit for stopping : 1e-05
 lambda	  : 3445.07

initial set of free parameter values

a               = 1
b               = 1
c               = 1

After 8 iterations the fit converged.
final sum of squares of residuals : 6.38076e-06
rel. change during last iteration : -7.53083e-11

degrees of freedom    (FIT_NDF)                        : 7
rms of residuals      (FIT_STDFIT) = sqrt(WSSR/ndf)    : 0.000954745
variance of residuals (reduced chisquare) = WSSR/ndf   : 9.11537e-07

Final set of parameters            Asymptotic Standard Error
=======================            ==========================

a               = 0.00155417       +/- 0.00172      (110.7%)
b               = -0.000104994     +/- 2.793e-05    (26.61%)
c               = 2.09174e-05      +/- 2.684e-06    (12.83%)


correlation matrix of the fit parameters:

               a      b      c      
a               1.000 
b              -0.937  1.000 
c               0.925 -0.999  1.000 


*******************************************************************************
Tue Nov 18 21:03:17 2014


FIT:    data read from "MergeSort.dat" using 1:2
        format = x:z
        #datapoints = 10
        residuals are weighted equally (unit weight)

function used for fitting: y(x)
fitted parameters initialized with current variable values



 Iteration 0
 WSSR        : 4.29716e+08       delta(WSSR)/WSSR   : 0
 delta(WSSR) : 0                 limit for stopping : 1e-05
 lambda	  : 3445.07

initial set of free parameter values

a               = 1
b               = 1
c               = 1

After 8 iterations the fit converged.
final sum of squares of residuals : 1.72382e-05
rel. change during last iteration : -2.80947e-11

degrees of freedom    (FIT_NDF)                        : 7
rms of residuals      (FIT_STDFIT) = sqrt(WSSR/ndf)    : 0.00156927
variance of residuals (reduced chisquare) = WSSR/ndf   : 2.4626e-06

Final set of parameters            Asymptotic Standard Error
=======================            ==========================

a               = -0.00206079      +/- 0.002828     (137.2%)
b               = -1.88757e-05     +/- 4.592e-05    (243.2%)
c               = 1.25629e-05      +/- 4.412e-06    (35.12%)


correlation matrix of the fit parameters:

               a      b      c      
a               1.000 
b              -0.937  1.000 
c               0.925 -0.999  1.000 


*******************************************************************************
Tue Nov 18 21:06:13 2014


FIT:    data read from "MergeSort.dat" using 1:2
        format = x:z
        #datapoints = 10
        residuals are weighted equally (unit weight)

function used for fitting: y(x)
fitted parameters initialized with current variable values



 Iteration 0
 WSSR        : 4.29702e+08       delta(WSSR)/WSSR   : 0
 delta(WSSR) : 0                 limit for stopping : 1e-05
 lambda	  : 3445.07

initial set of free parameter values

a               = 1
b               = 1
c               = 1

After 8 iterations the fit converged.
final sum of squares of residuals : 1.87931e-05
rel. change during last iteration : -2.55073e-11

degrees of freedom    (FIT_NDF)                        : 7
rms of residuals      (FIT_STDFIT) = sqrt(WSSR/ndf)    : 0.00163851
variance of residuals (reduced chisquare) = WSSR/ndf   : 2.68472e-06

Final set of parameters            Asymptotic Standard Error
=======================            ==========================

a               = 0.00302125       +/- 0.002953     (97.73%)
b               = -0.000263532     +/- 4.794e-05    (18.19%)
c               = 5.54133e-05      +/- 4.606e-06    (8.313%)


correlation matrix of the fit parameters:

               a      b      c      
a               1.000 
b              -0.937  1.000 
c               0.925 -0.999  1.000 


*******************************************************************************
Tue Nov 18 21:08:16 2014


FIT:    data read from "Insercion.dat" using 1:2
        format = x:z
        #datapoints = 10
        residuals are weighted equally (unit weight)

function used for fitting: y(x)
fitted parameters initialized with current variable values



*******************************************************************************
Tue Nov 18 21:08:52 2014


FIT:    data read from "Insercion.dat" using 1:2
        format = x:z
        #datapoints = 10
        residuals are weighted equally (unit weight)

function used for fitting: y(x)
fitted parameters initialized with current variable values



 Iteration 0
 WSSR        : 2.53935e+12       delta(WSSR)/WSSR   : 0
 delta(WSSR) : 0                 limit for stopping : 1e-05
 lambda	  : 290592

initial set of free parameter values

a               = 1
b               = 1
c               = 1

After 9 iterations the fit converged.
final sum of squares of residuals : 0.00183431
rel. change during last iteration : -4.80895e-06

degrees of freedom    (FIT_NDF)                        : 7
rms of residuals      (FIT_STDFIT) = sqrt(WSSR/ndf)    : 0.0161878
variance of residuals (reduced chisquare) = WSSR/ndf   : 0.000262044

Final set of parameters            Asymptotic Standard Error
=======================            ==========================

a               = 0.0127204        +/- 0.01904      (149.7%)
b               = -6.38088e-05     +/- 7.952e-05    (124.6%)
c               = 2.11907e-06      +/- 7.045e-08    (3.324%)


correlation matrix of the fit parameters:

               a      b      c      
a               1.000 
b              -0.909  1.000 
c               0.814 -0.975  1.000 


*******************************************************************************
Tue Nov 18 21:09:29 2014


FIT:    data read from "Burbuja.dat" using 1:2
        format = x:z
        #datapoints = 10
        residuals are weighted equally (unit weight)

function used for fitting: y(x)
fitted parameters initialized with current variable values



 Iteration 0
 WSSR        : 2.53932e+12       delta(WSSR)/WSSR   : 0
 delta(WSSR) : 0                 limit for stopping : 1e-05
 lambda	  : 290592

initial set of free parameter values

a               = 1
b               = 1
c               = 1

After 9 iterations the fit converged.
final sum of squares of residuals : 0.0125573
rel. change during last iteration : -5.48425e-07

degrees of freedom    (FIT_NDF)                        : 7
rms of residuals      (FIT_STDFIT) = sqrt(WSSR/ndf)    : 0.0423545
variance of residuals (reduced chisquare) = WSSR/ndf   : 0.00179391

Final set of parameters            Asymptotic Standard Error
=======================            ==========================

a               = 0.127215         +/- 0.04982      (39.16%)
b               = -0.00102466      +/- 0.000208     (20.3%)
c               = 8.79404e-06      +/- 1.843e-07    (2.096%)


correlation matrix of the fit parameters:

               a      b      c      
a               1.000 
b              -0.909  1.000 
c               0.814 -0.975  1.000 


*******************************************************************************
Tue Nov 18 21:10:56 2014


FIT:    data read from "Burbuja.dat" using 1:2
        format = x:z
        #datapoints = 10
        residuals are weighted equally (unit weight)

function used for fitting: y(x)
fitted parameters initialized with current variable values



 Iteration 0
 WSSR        : 2.53932e+12       delta(WSSR)/WSSR   : 0
 delta(WSSR) : 0                 limit for stopping : 1e-05
 lambda	  : 290592

initial set of free parameter values

a               = 1
b               = 1
c               = 1

After 9 iterations the fit converged.
final sum of squares of residuals : 0.00340702
rel. change during last iteration : -2.34708e-06

degrees of freedom    (FIT_NDF)                        : 7
rms of residuals      (FIT_STDFIT) = sqrt(WSSR/ndf)    : 0.0220617
variance of residuals (reduced chisquare) = WSSR/ndf   : 0.000486718

Final set of parameters            Asymptotic Standard Error
=======================            ==========================

a               = 0.0598121        +/- 0.02595      (43.38%)
b               = -0.000651729     +/- 0.0001084    (16.63%)
c               = 8.46423e-06      +/- 9.601e-08    (1.134%)


correlation matrix of the fit parameters:

               a      b      c      
a               1.000 
b              -0.909  1.000 
c               0.814 -0.975  1.000 


*******************************************************************************
Tue Nov 18 21:11:08 2014


FIT:    data read from "MergeSort.dat" using 1:2
        format = x:z
        #datapoints = 10
        residuals are weighted equally (unit weight)

function used for fitting: y(x)
fitted parameters initialized with current variable values



 Iteration 0
 WSSR        : 4.29702e+08       delta(WSSR)/WSSR   : 0
 delta(WSSR) : 0                 limit for stopping : 1e-05
 lambda	  : 3445.07

initial set of free parameter values

a               = 1
b               = 1
c               = 1

After 8 iterations the fit converged.
final sum of squares of residuals : 5.8918e-05
rel. change during last iteration : -8.03139e-12

degrees of freedom    (FIT_NDF)                        : 7
rms of residuals      (FIT_STDFIT) = sqrt(WSSR/ndf)    : 0.00290118
variance of residuals (reduced chisquare) = WSSR/ndf   : 8.41686e-06

Final set of parameters            Asymptotic Standard Error
=======================            ==========================

a               = 0.00986463       +/- 0.005228     (53%)
b               = -0.000335325     +/- 8.489e-05    (25.31%)
c               = 6.18259e-05      +/- 8.156e-06    (13.19%)


correlation matrix of the fit parameters:

               a      b      c      
a               1.000 
b              -0.937  1.000 
c               0.925 -0.999  1.000 


*******************************************************************************
Tue Nov 18 21:11:33 2014


FIT:    data read from "QuickSort.dat" using 1:2
        format = x:z
        #datapoints = 10
        residuals are weighted equally (unit weight)

function used for fitting: y(x)
fitted parameters initialized with current variable values



 Iteration 0
 WSSR        : 4.29709e+08       delta(WSSR)/WSSR   : 0
 delta(WSSR) : 0                 limit for stopping : 1e-05
 lambda	  : 3445.07

initial set of free parameter values

a               = 1
b               = 1
c               = 1

After 8 iterations the fit converged.
final sum of squares of residuals : 4.18758e-05
rel. change during last iteration : -1.11604e-11

degrees of freedom    (FIT_NDF)                        : 7
rms of residuals      (FIT_STDFIT) = sqrt(WSSR/ndf)    : 0.00244587
variance of residuals (reduced chisquare) = WSSR/ndf   : 5.98226e-06

Final set of parameters            Asymptotic Standard Error
=======================            ==========================

a               = 0.0148306        +/- 0.004407     (29.72%)
b               = -0.000576161     +/- 7.156e-05    (12.42%)
c               = 7.79962e-05      +/- 6.876e-06    (8.816%)


correlation matrix of the fit parameters:

               a      b      c      
a               1.000 
b              -0.937  1.000 
c               0.925 -0.999  1.000 


*******************************************************************************
Tue Nov 18 21:11:57 2014


FIT:    data read from "Shell.dat" using 1:2
        format = x:z
        #datapoints = 10
        residuals are weighted equally (unit weight)

function used for fitting: y(x)
fitted parameters initialized with current variable values



 Iteration 0
 WSSR        : 2.53936e+12       delta(WSSR)/WSSR   : 0
 delta(WSSR) : 0                 limit for stopping : 1e-05
 lambda	  : 290592

initial set of free parameter values

a               = 1
b               = 1
c               = 1

After 10 iterations the fit converged.
final sum of squares of residuals : 0.000335905
rel. change during last iteration : -1.93662e-15

degrees of freedom    (FIT_NDF)                        : 7
rms of residuals      (FIT_STDFIT) = sqrt(WSSR/ndf)    : 0.00692723
variance of residuals (reduced chisquare) = WSSR/ndf   : 4.79865e-05

Final set of parameters            Asymptotic Standard Error
=======================            ==========================

a               = -0.0251589       +/- 0.008147     (32.38%)
b               = 0.000294248      +/- 3.403e-05    (11.56%)
c               = 9.31385e-08      +/- 3.015e-08    (32.37%)


correlation matrix of the fit parameters:

               a      b      c      
a               1.000 
b              -0.909  1.000 
c               0.814 -0.975  1.000 


*******************************************************************************
Tue Nov 18 21:20:29 2014


FIT:    data read from "Insercion.dat" using 1:2
        format = x:z
        #datapoints = 10
        residuals are weighted equally (unit weight)

function used for fitting: y(x)
fitted parameters initialized with current variable values



 Iteration 0
 WSSR        : 2.53935e+12       delta(WSSR)/WSSR   : 0
 delta(WSSR) : 0                 limit for stopping : 1e-05
 lambda	  : 290592

initial set of free parameter values

a               = 1
b               = 1
c               = 1

After 9 iterations the fit converged.
final sum of squares of residuals : 0.00238343
rel. change during last iteration : -3.4516e-06

degrees of freedom    (FIT_NDF)                        : 7
rms of residuals      (FIT_STDFIT) = sqrt(WSSR/ndf)    : 0.0184524
variance of residuals (reduced chisquare) = WSSR/ndf   : 0.000340489

Final set of parameters            Asymptotic Standard Error
=======================            ==========================

a               = 0.0464381        +/- 0.0217       (46.73%)
b               = -0.000260008     +/- 9.064e-05    (34.86%)
c               = 2.25828e-06      +/- 8.03e-08     (3.556%)


correlation matrix of the fit parameters:

               a      b      c      
a               1.000 
b              -0.909  1.000 
c               0.814 -0.975  1.000 


*******************************************************************************
Tue Nov 18 21:21:00 2014


FIT:    data read from "Burbuja.dat" using 1:2
        format = x:z
        #datapoints = 10
        residuals are weighted equally (unit weight)

function used for fitting: y(x)
fitted parameters initialized with current variable values



 Iteration 0
 WSSR        : 2.53932e+12       delta(WSSR)/WSSR   : 0
 delta(WSSR) : 0                 limit for stopping : 1e-05
 lambda	  : 290592

initial set of free parameter values

a               = 1
b               = 1
c               = 1

After 9 iterations the fit converged.
final sum of squares of residuals : 0.00459786
rel. change during last iteration : -1.7323e-06

degrees of freedom    (FIT_NDF)                        : 7
rms of residuals      (FIT_STDFIT) = sqrt(WSSR/ndf)    : 0.0256288
variance of residuals (reduced chisquare) = WSSR/ndf   : 0.000656836

Final set of parameters            Asymptotic Standard Error
=======================            ==========================

a               = 0.0616696        +/- 0.03014      (48.88%)
b               = -0.000595847     +/- 0.0001259    (21.13%)
c               = 8.28547e-06      +/- 1.115e-07    (1.346%)


correlation matrix of the fit parameters:

               a      b      c      
a               1.000 
b              -0.909  1.000 
c               0.814 -0.975  1.000 


*******************************************************************************
Tue Nov 18 21:21:23 2014


FIT:    data read from "MergeSort.dat" using 1:2
        format = x:z
        #datapoints = 10
        residuals are weighted equally (unit weight)

function used for fitting: y(x)
fitted parameters initialized with current variable values



 Iteration 0
 WSSR        : 4.29703e+08       delta(WSSR)/WSSR   : 0
 delta(WSSR) : 0                 limit for stopping : 1e-05
 lambda	  : 3445.07

initial set of free parameter values

a               = 1
b               = 1
c               = 1

After 8 iterations the fit converged.
final sum of squares of residuals : 2.2329e-05
rel. change during last iteration : -2.14797e-11

degrees of freedom    (FIT_NDF)                        : 7
rms of residuals      (FIT_STDFIT) = sqrt(WSSR/ndf)    : 0.00178602
variance of residuals (reduced chisquare) = WSSR/ndf   : 3.18986e-06

Final set of parameters            Asymptotic Standard Error
=======================            ==========================

a               = 0.00263491       +/- 0.003218     (122.1%)
b               = -0.000297537     +/- 5.226e-05    (17.56%)
c               = 5.86996e-05      +/- 5.021e-06    (8.554%)


correlation matrix of the fit parameters:

               a      b      c      
a               1.000 
b              -0.937  1.000 
c               0.925 -0.999  1.000 


*******************************************************************************
Tue Nov 18 21:21:40 2014


FIT:    data read from "QuickSort.dat" using 1:2
        format = x:z
        #datapoints = 10
        residuals are weighted equally (unit weight)

function used for fitting: y(x)
fitted parameters initialized with current variable values



 Iteration 0
 WSSR        : 4.29709e+08       delta(WSSR)/WSSR   : 0
 delta(WSSR) : 0                 limit for stopping : 1e-05
 lambda	  : 3445.07

initial set of free parameter values

a               = 1
b               = 1
c               = 1

After 8 iterations the fit converged.
final sum of squares of residuals : 0.000107695
rel. change during last iteration : -4.25674e-12

degrees of freedom    (FIT_NDF)                        : 7
rms of residuals      (FIT_STDFIT) = sqrt(WSSR/ndf)    : 0.00392236
variance of residuals (reduced chisquare) = WSSR/ndf   : 1.53849e-05

Final set of parameters            Asymptotic Standard Error
=======================            ==========================

a               = 0.0241881        +/- 0.007068     (29.22%)
b               = -0.000800453     +/- 0.0001148    (14.34%)
c               = 0.000100072      +/- 1.103e-05    (11.02%)


correlation matrix of the fit parameters:

               a      b      c      
a               1.000 
b              -0.937  1.000 
c               0.925 -0.999  1.000 


*******************************************************************************
Tue Nov 18 21:21:53 2014


FIT:    data read from "Shell.dat" using 1:2
        format = x:z
        #datapoints = 10
        residuals are weighted equally (unit weight)

function used for fitting: y(x)
fitted parameters initialized with current variable values



 Iteration 0
 WSSR        : 2.53936e+12       delta(WSSR)/WSSR   : 0
 delta(WSSR) : 0                 limit for stopping : 1e-05
 lambda	  : 290592

initial set of free parameter values

a               = 1
b               = 1
c               = 1

After 10 iterations the fit converged.
final sum of squares of residuals : 0.000384492
rel. change during last iteration : -8.45949e-16

degrees of freedom    (FIT_NDF)                        : 7
rms of residuals      (FIT_STDFIT) = sqrt(WSSR/ndf)    : 0.0074113
variance of residuals (reduced chisquare) = WSSR/ndf   : 5.49274e-05

Final set of parameters            Asymptotic Standard Error
=======================            ==========================

a               = -0.0249106       +/- 0.008717     (34.99%)
b               = 0.000298194      +/- 3.641e-05    (12.21%)
c               = 9.33802e-08      +/- 3.225e-08    (34.54%)


correlation matrix of the fit parameters:

               a      b      c      
a               1.000 
b              -0.909  1.000 
c               0.814 -0.975  1.000 


*******************************************************************************
Wed Nov 19 11:56:08 2014


FIT:    data read from "Insercion.dat" using 1:2
        format = x:z
        #datapoints = 10
        residuals are weighted equally (unit weight)

function used for fitting: y(x)
fitted parameters initialized with current variable values



 Iteration 0
 WSSR        : 2.53936e+12       delta(WSSR)/WSSR   : 0
 delta(WSSR) : 0                 limit for stopping : 1e-05
 lambda	  : 290592

initial set of free parameter values

a               = 1
b               = 1
c               = 1

After 10 iterations the fit converged.
final sum of squares of residuals : 3.39143e-05
rel. change during last iteration : -2.73734e-14

degrees of freedom    (FIT_NDF)                        : 7
rms of residuals      (FIT_STDFIT) = sqrt(WSSR/ndf)    : 0.00220111
variance of residuals (reduced chisquare) = WSSR/ndf   : 4.8449e-06

Final set of parameters            Asymptotic Standard Error
=======================            ==========================

a               = 0.0021544        +/- 0.002589     (120.2%)
b               = -1.50723e-06     +/- 1.081e-05    (717.3%)
c               = 7.24355e-07      +/- 9.579e-09    (1.322%)


correlation matrix of the fit parameters:

               a      b      c      
a               1.000 
b              -0.909  1.000 
c               0.814 -0.975  1.000 


*******************************************************************************
Wed Nov 19 13:33:57 2014


FIT:    data read from "Shell.dat" using 1:2
        format = x:z
        #datapoints = 10
        residuals are weighted equally (unit weight)

function used for fitting: y(x)
fitted parameters initialized with current variable values



 Iteration 0
 WSSR        : 2.53936e+12       delta(WSSR)/WSSR   : 0
 delta(WSSR) : 0                 limit for stopping : 1e-05
 lambda	  : 290592

initial set of free parameter values

a               = 1
b               = 1
c               = 1

After 10 iterations the fit converged.
final sum of squares of residuals : 8.51261e-05
rel. change during last iteration : -1.33732e-14

degrees of freedom    (FIT_NDF)                        : 7
rms of residuals      (FIT_STDFIT) = sqrt(WSSR/ndf)    : 0.00348724
variance of residuals (reduced chisquare) = WSSR/ndf   : 1.21609e-05

Final set of parameters            Asymptotic Standard Error
=======================            ==========================

a               = -0.0099713       +/- 0.004102     (41.13%)
b               = 0.000120828      +/- 1.713e-05    (14.18%)
c               = 2.05198e-08      +/- 1.518e-08    (73.96%)


correlation matrix of the fit parameters:

               a      b      c      
a               1.000 
b              -0.909  1.000 
c               0.814 -0.975  1.000 


*******************************************************************************
Wed Nov 19 13:35:50 2014


FIT:    data read from "Shell.dat" using 1:2
        format = x:z
        #datapoints = 10
        residuals are weighted equally (unit weight)

function used for fitting: y(x)
fitted parameters initialized with current variable values



 Iteration 0
 WSSR        : 4.29714e+08       delta(WSSR)/WSSR   : 0
 delta(WSSR) : 0                 limit for stopping : 1e-05
 lambda	  : 3445.07

initial set of free parameter values

a               = 1
b               = 1
c               = 1

After 8 iterations the fit converged.
final sum of squares of residuals : 4.07835e-05
rel. change during last iteration : -1.19154e-11

degrees of freedom    (FIT_NDF)                        : 7
rms of residuals      (FIT_STDFIT) = sqrt(WSSR/ndf)    : 0.00241376
variance of residuals (reduced chisquare) = WSSR/ndf   : 5.82622e-06

Final set of parameters            Asymptotic Standard Error
=======================            ==========================

a               = -0.00405127      +/- 0.00435      (107.4%)
b               = -3.74806e-05     +/- 7.062e-05    (188.4%)
c               = 1.74775e-05      +/- 6.786e-06    (38.83%)


correlation matrix of the fit parameters:

               a      b      c      
a               1.000 
b              -0.937  1.000 
c               0.925 -0.999  1.000 


*******************************************************************************
Wed Nov 19 14:42:19 2014


FIT:    data read from "Insercion.dat" using 1:2
        format = x:z
        #datapoints = 10
        residuals are weighted equally (unit weight)

function used for fitting: y(x)
fitted parameters initialized with current variable values



 Iteration 0
 WSSR        : 2.53936e+12       delta(WSSR)/WSSR   : 0
 delta(WSSR) : 0                 limit for stopping : 1e-05
 lambda	  : 290592

initial set of free parameter values

a               = 1
b               = 1
c               = 1

After 10 iterations the fit converged.
final sum of squares of residuals : 7.88829e-05
rel. change during last iteration : -2.09603e-14

degrees of freedom    (FIT_NDF)                        : 7
rms of residuals      (FIT_STDFIT) = sqrt(WSSR/ndf)    : 0.00335693
variance of residuals (reduced chisquare) = WSSR/ndf   : 1.1269e-05

Final set of parameters            Asymptotic Standard Error
=======================            ==========================

a               = -0.00126692      +/- 0.003948     (311.6%)
b               = 3.01231e-05      +/- 1.649e-05    (54.74%)
c               = 6.83722e-07      +/- 1.461e-08    (2.137%)


correlation matrix of the fit parameters:

               a      b      c      
a               1.000 
b              -0.909  1.000 
c               0.814 -0.975  1.000 


*******************************************************************************
Wed Nov 19 14:42:45 2014


FIT:    data read from "Burbuja.dat" using 1:2
        format = x:z
        #datapoints = 10
        residuals are weighted equally (unit weight)

function used for fitting: y(x)
fitted parameters initialized with current variable values



 Iteration 0
 WSSR        : 2.53935e+12       delta(WSSR)/WSSR   : 0
 delta(WSSR) : 0                 limit for stopping : 1e-05
 lambda	  : 290592

initial set of free parameter values

a               = 1
b               = 1
c               = 1

After 10 iterations the fit converged.
final sum of squares of residuals : 0.000142298
rel. change during last iteration : -6.66683e-15

degrees of freedom    (FIT_NDF)                        : 7
rms of residuals      (FIT_STDFIT) = sqrt(WSSR/ndf)    : 0.00450869
variance of residuals (reduced chisquare) = WSSR/ndf   : 2.03283e-05

Final set of parameters            Asymptotic Standard Error
=======================            ==========================

a               = 0.0248925        +/- 0.005303     (21.3%)
b               = -0.00022079      +/- 2.215e-05    (10.03%)
c               = 3.00018e-06      +/- 1.962e-08    (0.654%)


correlation matrix of the fit parameters:

               a      b      c      
a               1.000 
b              -0.909  1.000 
c               0.814 -0.975  1.000 


*******************************************************************************
Wed Nov 19 14:42:57 2014


FIT:    data read from "MergeSort.dat" using 1:2
        format = x:z
        #datapoints = 10
        residuals are weighted equally (unit weight)

function used for fitting: y(x)
fitted parameters initialized with current variable values



 Iteration 0
 WSSR        : 4.29717e+08       delta(WSSR)/WSSR   : 0
 delta(WSSR) : 0                 limit for stopping : 1e-05
 lambda	  : 3445.07

initial set of free parameter values

a               = 1
b               = 1
c               = 1

After 8 iterations the fit converged.
final sum of squares of residuals : 1.26331e-05
rel. change during last iteration : -3.79126e-11

degrees of freedom    (FIT_NDF)                        : 7
rms of residuals      (FIT_STDFIT) = sqrt(WSSR/ndf)    : 0.0013434
variance of residuals (reduced chisquare) = WSSR/ndf   : 1.80472e-06

Final set of parameters            Asymptotic Standard Error
=======================            ==========================

a               = 0.00341632       +/- 0.002421     (70.86%)
b               = -0.000111249     +/- 3.931e-05    (35.33%)
c               = 2.11364e-05      +/- 3.777e-06    (17.87%)


correlation matrix of the fit parameters:

               a      b      c      
a               1.000 
b              -0.937  1.000 
c               0.925 -0.999  1.000 


*******************************************************************************
Wed Nov 19 14:43:08 2014


FIT:    data read from "MergeSort.dat" using 1:2
        format = x:z
        #datapoints = 10
        residuals are weighted equally (unit weight)

function used for fitting: y(x)
fitted parameters initialized with current variable values



 Iteration 0
 WSSR        : 4.29717e+08       delta(WSSR)/WSSR   : 0
 delta(WSSR) : 0                 limit for stopping : 1e-05
 lambda	  : 3445.07

initial set of free parameter values

a               = 1
b               = 1
c               = 1

After 8 iterations the fit converged.
final sum of squares of residuals : 4.3784e-06
rel. change during last iteration : -1.09976e-10

degrees of freedom    (FIT_NDF)                        : 7
rms of residuals      (FIT_STDFIT) = sqrt(WSSR/ndf)    : 0.000790877
variance of residuals (reduced chisquare) = WSSR/ndf   : 6.25486e-07

Final set of parameters            Asymptotic Standard Error
=======================            ==========================

a               = 0.000614304      +/- 0.001425     (232%)
b               = -8.63531e-05     +/- 2.314e-05    (26.8%)
c               = 1.8952e-05       +/- 2.223e-06    (11.73%)


correlation matrix of the fit parameters:

               a      b      c      
a               1.000 
b              -0.937  1.000 
c               0.925 -0.999  1.000 


*******************************************************************************
Wed Nov 19 14:43:19 2014


FIT:    data read from "QuickSort.dat" using 1:2
        format = x:z
        #datapoints = 10
        residuals are weighted equally (unit weight)

function used for fitting: y(x)
fitted parameters initialized with current variable values



 Iteration 0
 WSSR        : 4.29719e+08       delta(WSSR)/WSSR   : 0
 delta(WSSR) : 0                 limit for stopping : 1e-05
 lambda	  : 3445.07

initial set of free parameter values

a               = 1
b               = 1
c               = 1

After 8 iterations the fit converged.
final sum of squares of residuals : 1.07223e-05
rel. change during last iteration : -4.45676e-11

degrees of freedom    (FIT_NDF)                        : 7
rms of residuals      (FIT_STDFIT) = sqrt(WSSR/ndf)    : 0.00123764
variance of residuals (reduced chisquare) = WSSR/ndf   : 1.53175e-06

Final set of parameters            Asymptotic Standard Error
=======================            ==========================

a               = 0.00467366       +/- 0.00223      (47.72%)
b               = -0.000211291     +/- 3.621e-05    (17.14%)
c               = 2.87932e-05      +/- 3.479e-06    (12.08%)


correlation matrix of the fit parameters:

               a      b      c      
a               1.000 
b              -0.937  1.000 
c               0.925 -0.999  1.000 


*******************************************************************************
Wed Nov 19 14:43:31 2014


FIT:    data read from "QuickSort.dat" using 1:2
        format = x:z
        #datapoints = 10
        residuals are weighted equally (unit weight)

function used for fitting: y(x)
fitted parameters initialized with current variable values



 Iteration 0
 WSSR        : 4.29719e+08       delta(WSSR)/WSSR   : 0
 delta(WSSR) : 0                 limit for stopping : 1e-05
 lambda	  : 3445.07

initial set of free parameter values

a               = 1
b               = 1
c               = 1

After 8 iterations the fit converged.
final sum of squares of residuals : 9.06268e-06
rel. change during last iteration : -5.25267e-11

degrees of freedom    (FIT_NDF)                        : 7
rms of residuals      (FIT_STDFIT) = sqrt(WSSR/ndf)    : 0.00113783
variance of residuals (reduced chisquare) = WSSR/ndf   : 1.29467e-06

Final set of parameters            Asymptotic Standard Error
=======================            ==========================

a               = 0.00637204       +/- 0.00205      (32.18%)
b               = -0.000249995     +/- 3.329e-05    (13.32%)
c               = 3.26776e-05      +/- 3.199e-06    (9.789%)


correlation matrix of the fit parameters:

               a      b      c      
a               1.000 
b              -0.937  1.000 
c               0.925 -0.999  1.000 


*******************************************************************************
Wed Nov 19 14:43:43 2014


FIT:    data read from "Shell.dat" using 1:2
        format = x:z
        #datapoints = 10
        residuals are weighted equally (unit weight)

function used for fitting: y(x)
fitted parameters initialized with current variable values



 Iteration 0
 WSSR        : 4.29714e+08       delta(WSSR)/WSSR   : 0
 delta(WSSR) : 0                 limit for stopping : 1e-05
 lambda	  : 3445.07

initial set of free parameter values

a               = 1
b               = 1
c               = 1

After 8 iterations the fit converged.
final sum of squares of residuals : 6.22866e-05
rel. change during last iteration : -7.80319e-12

degrees of freedom    (FIT_NDF)                        : 7
rms of residuals      (FIT_STDFIT) = sqrt(WSSR/ndf)    : 0.00298297
variance of residuals (reduced chisquare) = WSSR/ndf   : 8.89808e-06

Final set of parameters            Asymptotic Standard Error
=======================            ==========================

a               = -0.00350437      +/- 0.005375     (153.4%)
b               = -7.47322e-05     +/- 8.728e-05    (116.8%)
c               = 2.12004e-05      +/- 8.386e-06    (39.56%)


correlation matrix of the fit parameters:

               a      b      c      
a               1.000 
b              -0.937  1.000 
c               0.925 -0.999  1.000 


*******************************************************************************
Wed Nov 19 14:43:57 2014


FIT:    data read from "Shell.dat" using 1:2
        format = x:z
        #datapoints = 10
        residuals are weighted equally (unit weight)

function used for fitting: y(x)
fitted parameters initialized with current variable values



 Iteration 0
 WSSR        : 4.29714e+08       delta(WSSR)/WSSR   : 0
 delta(WSSR) : 0                 limit for stopping : 1e-05
 lambda	  : 3445.07

initial set of free parameter values

a               = 1
b               = 1
c               = 1

After 8 iterations the fit converged.
final sum of squares of residuals : 3.48057e-05
rel. change during last iteration : -1.38614e-11

degrees of freedom    (FIT_NDF)                        : 7
rms of residuals      (FIT_STDFIT) = sqrt(WSSR/ndf)    : 0.00222985
variance of residuals (reduced chisquare) = WSSR/ndf   : 4.97224e-06

Final set of parameters            Asymptotic Standard Error
=======================            ==========================

a               = -0.000296272     +/- 0.004018     (1356%)
b               = -0.000118646     +/- 6.524e-05    (54.99%)
c               = 2.5326e-05       +/- 6.269e-06    (24.75%)


correlation matrix of the fit parameters:

               a      b      c      
a               1.000 
b              -0.937  1.000 
c               0.925 -0.999  1.000 


*******************************************************************************
Wed Nov 19 14:45:25 2014


FIT:    data read from "Shell.dat" using 1:2
        format = x:z
        #datapoints = 10
        residuals are weighted equally (unit weight)

function used for fitting: y(x)
fitted parameters initialized with current variable values



 Iteration 0
 WSSR        : 4.29714e+08       delta(WSSR)/WSSR   : 0
 delta(WSSR) : 0                 limit for stopping : 1e-05
 lambda	  : 3445.07

initial set of free parameter values

a               = 1
b               = 1
c               = 1

After 8 iterations the fit converged.
final sum of squares of residuals : 6.72874e-05
rel. change during last iteration : -7.09597e-12

degrees of freedom    (FIT_NDF)                        : 7
rms of residuals      (FIT_STDFIT) = sqrt(WSSR/ndf)    : 0.0031004
variance of residuals (reduced chisquare) = WSSR/ndf   : 9.61248e-06

Final set of parameters            Asymptotic Standard Error
=======================            ==========================

a               = 0.00492475       +/- 0.005587     (113.4%)
b               = -0.000161967     +/- 9.071e-05    (56.01%)
c               = 2.91124e-05      +/- 8.716e-06    (29.94%)


correlation matrix of the fit parameters:

               a      b      c      
a               1.000 
b              -0.937  1.000 
c               0.925 -0.999  1.000 
